C:\HOME\WORKSTATION\GRAPHICSWORKSPACE\PROJECTFAST\DEBUG\BOUND.OBJ
C:\HOME\WORKSTATION\GRAPHICSWORKSPACE\PROJECTFAST\DEBUG\BULLET.OBJ
C:\Home\WorkStation\GraphicsWorkspace\ProjectFast\Debug\cl.command.1.tlog
C:\Home\WorkStation\GraphicsWorkspace\ProjectFast\Debug\CL.read.1.tlog
C:\Home\WorkStation\GraphicsWorkspace\ProjectFast\Debug\CL.write.1.tlog
C:\HOME\WORKSTATION\GRAPHICSWORKSPACE\PROJECTFAST\DEBUG\COMPONENT.OBJ
C:\HOME\WORKSTATION\GRAPHICSWORKSPACE\PROJECTFAST\DEBUG\ENEMY.OBJ
C:\HOME\WORKSTATION\GRAPHICSWORKSPACE\PROJECTFAST\DEBUG\ENTITY.OBJ
C:\HOME\WORKSTATION\GRAPHICSWORKSPACE\PROJECTFAST\DEBUG\GUN.OBJ
C:\HOME\WORKSTATION\GRAPHICSWORKSPACE\PROJECTFAST\DEBUG\KEYBOARDEVENTHANDLER.OBJ
C:\Home\WorkStation\GraphicsWorkspace\ProjectFast\Debug\link.1348.read.1.tlog
C:\Home\WorkStation\GraphicsWorkspace\ProjectFast\Debug\link.1348.write.1.tlog
C:\Home\WorkStation\GraphicsWorkspace\ProjectFast\Debug\link.1484.read.1.tlog
C:\Home\WorkStation\GraphicsWorkspace\ProjectFast\Debug\link.1484.write.1.tlog
C:\Home\WorkStation\GraphicsWorkspace\ProjectFast\Debug\link.1608.read.1.tlog
C:\Home\WorkStation\GraphicsWorkspace\ProjectFast\Debug\link.1608.write.1.tlog
C:\Home\WorkStation\GraphicsWorkspace\ProjectFast\Debug\link.1700.read.1.tlog
C:\Home\WorkStation\GraphicsWorkspace\ProjectFast\Debug\link.1700.write.1.tlog
C:\Home\WorkStation\GraphicsWorkspace\ProjectFast\Debug\link.2304.read.1.tlog
C:\Home\WorkStation\GraphicsWorkspace\ProjectFast\Debug\link.2304.write.1.tlog
C:\Home\WorkStation\GraphicsWorkspace\ProjectFast\Debug\link.2364.read.1.tlog
C:\Home\WorkStation\GraphicsWorkspace\ProjectFast\Debug\link.2364.write.1.tlog
C:\Home\WorkStation\GraphicsWorkspace\ProjectFast\Debug\link.2584.read.1.tlog
C:\Home\WorkStation\GraphicsWorkspace\ProjectFast\Debug\link.2584.write.1.tlog
C:\Home\WorkStation\GraphicsWorkspace\ProjectFast\Debug\link.3008.read.1.tlog
C:\Home\WorkStation\GraphicsWorkspace\ProjectFast\Debug\link.3008.write.1.tlog
C:\Home\WorkStation\GraphicsWorkspace\ProjectFast\Debug\link.3028.read.1.tlog
C:\Home\WorkStation\GraphicsWorkspace\ProjectFast\Debug\link.3028.write.1.tlog
C:\Home\WorkStation\GraphicsWorkspace\ProjectFast\Debug\link.3332.read.1.tlog
C:\Home\WorkStation\GraphicsWorkspace\ProjectFast\Debug\link.3332.write.1.tlog
C:\Home\WorkStation\GraphicsWorkspace\ProjectFast\Debug\link.3376.read.1.tlog
C:\Home\WorkStation\GraphicsWorkspace\ProjectFast\Debug\link.3376.write.1.tlog
C:\Home\WorkStation\GraphicsWorkspace\ProjectFast\Debug\link.3380.read.1.tlog
C:\Home\WorkStation\GraphicsWorkspace\ProjectFast\Debug\link.3380.write.1.tlog
C:\Home\WorkStation\GraphicsWorkspace\ProjectFast\Debug\link.3500.read.1.tlog
C:\Home\WorkStation\GraphicsWorkspace\ProjectFast\Debug\link.3500.write.1.tlog
C:\Home\WorkStation\GraphicsWorkspace\ProjectFast\Debug\link.3512.read.1.tlog
C:\Home\WorkStation\GraphicsWorkspace\ProjectFast\Debug\link.3512.write.1.tlog
C:\Home\WorkStation\GraphicsWorkspace\ProjectFast\Debug\link.3624.read.1.tlog
C:\Home\WorkStation\GraphicsWorkspace\ProjectFast\Debug\link.3624.write.1.tlog
C:\Home\WorkStation\GraphicsWorkspace\ProjectFast\Debug\link.3652.read.1.tlog
C:\Home\WorkStation\GraphicsWorkspace\ProjectFast\Debug\link.3652.write.1.tlog
C:\Home\WorkStation\GraphicsWorkspace\ProjectFast\Debug\link.3716.read.1.tlog
C:\Home\WorkStation\GraphicsWorkspace\ProjectFast\Debug\link.3716.write.1.tlog
C:\Home\WorkStation\GraphicsWorkspace\ProjectFast\Debug\link.4312.read.1.tlog
C:\Home\WorkStation\GraphicsWorkspace\ProjectFast\Debug\link.4312.write.1.tlog
C:\Home\WorkStation\GraphicsWorkspace\ProjectFast\Debug\link.4368.read.1.tlog
C:\Home\WorkStation\GraphicsWorkspace\ProjectFast\Debug\link.4368.write.1.tlog
C:\Home\WorkStation\GraphicsWorkspace\ProjectFast\Debug\link.4656.read.1.tlog
C:\Home\WorkStation\GraphicsWorkspace\ProjectFast\Debug\link.4656.write.1.tlog
C:\Home\WorkStation\GraphicsWorkspace\ProjectFast\Debug\link.4760.read.1.tlog
C:\Home\WorkStation\GraphicsWorkspace\ProjectFast\Debug\link.4760.write.1.tlog
C:\Home\WorkStation\GraphicsWorkspace\ProjectFast\Debug\link.4788.read.1.tlog
C:\Home\WorkStation\GraphicsWorkspace\ProjectFast\Debug\link.4788.write.1.tlog
C:\Home\WorkStation\GraphicsWorkspace\ProjectFast\Debug\link.4872.read.1.tlog
C:\Home\WorkStation\GraphicsWorkspace\ProjectFast\Debug\link.4872.write.1.tlog
C:\Home\WorkStation\GraphicsWorkspace\ProjectFast\Debug\link.4876.read.1.tlog
C:\Home\WorkStation\GraphicsWorkspace\ProjectFast\Debug\link.4876.write.1.tlog
C:\Home\WorkStation\GraphicsWorkspace\ProjectFast\Debug\link.4956.read.1.tlog
C:\Home\WorkStation\GraphicsWorkspace\ProjectFast\Debug\link.4956.write.1.tlog
C:\Home\WorkStation\GraphicsWorkspace\ProjectFast\Debug\link.4980.read.1.tlog
C:\Home\WorkStation\GraphicsWorkspace\ProjectFast\Debug\link.4980.write.1.tlog
C:\Home\WorkStation\GraphicsWorkspace\ProjectFast\Debug\link.5036.read.1.tlog
C:\Home\WorkStation\GraphicsWorkspace\ProjectFast\Debug\link.5036.write.1.tlog
C:\Home\WorkStation\GraphicsWorkspace\ProjectFast\Debug\link.5040.read.1.tlog
C:\Home\WorkStation\GraphicsWorkspace\ProjectFast\Debug\link.5040.write.1.tlog
C:\Home\WorkStation\GraphicsWorkspace\ProjectFast\Debug\link.5052.read.1.tlog
C:\Home\WorkStation\GraphicsWorkspace\ProjectFast\Debug\link.5052.write.1.tlog
C:\Home\WorkStation\GraphicsWorkspace\ProjectFast\Debug\link.5084.read.1.tlog
C:\Home\WorkStation\GraphicsWorkspace\ProjectFast\Debug\link.5084.write.1.tlog
C:\Home\WorkStation\GraphicsWorkspace\ProjectFast\Debug\link.5128.read.1.tlog
C:\Home\WorkStation\GraphicsWorkspace\ProjectFast\Debug\link.5128.write.1.tlog
C:\Home\WorkStation\GraphicsWorkspace\ProjectFast\Debug\link.5136.read.1.tlog
C:\Home\WorkStation\GraphicsWorkspace\ProjectFast\Debug\link.5136.write.1.tlog
C:\Home\WorkStation\GraphicsWorkspace\ProjectFast\Debug\link.5156.read.1.tlog
C:\Home\WorkStation\GraphicsWorkspace\ProjectFast\Debug\link.5156.write.1.tlog
C:\Home\WorkStation\GraphicsWorkspace\ProjectFast\Debug\link.5196.read.1.tlog
C:\Home\WorkStation\GraphicsWorkspace\ProjectFast\Debug\link.5196.write.1.tlog
C:\Home\WorkStation\GraphicsWorkspace\ProjectFast\Debug\link.5252.read.1.tlog
C:\Home\WorkStation\GraphicsWorkspace\ProjectFast\Debug\link.5252.write.1.tlog
C:\Home\WorkStation\GraphicsWorkspace\ProjectFast\Debug\link.5272.read.1.tlog
C:\Home\WorkStation\GraphicsWorkspace\ProjectFast\Debug\link.5272.write.1.tlog
C:\Home\WorkStation\GraphicsWorkspace\ProjectFast\Debug\link.5288.read.1.tlog
C:\Home\WorkStation\GraphicsWorkspace\ProjectFast\Debug\link.5288.write.1.tlog
C:\Home\WorkStation\GraphicsWorkspace\ProjectFast\Debug\link.5420.read.1.tlog
C:\Home\WorkStation\GraphicsWorkspace\ProjectFast\Debug\link.5420.write.1.tlog
C:\Home\WorkStation\GraphicsWorkspace\ProjectFast\Debug\link.5500.read.1.tlog
C:\Home\WorkStation\GraphicsWorkspace\ProjectFast\Debug\link.5500.write.1.tlog
C:\Home\WorkStation\GraphicsWorkspace\ProjectFast\Debug\link.5512.read.1.tlog
C:\Home\WorkStation\GraphicsWorkspace\ProjectFast\Debug\link.5512.write.1.tlog
C:\Home\WorkStation\GraphicsWorkspace\ProjectFast\Debug\link.5544.read.1.tlog
C:\Home\WorkStation\GraphicsWorkspace\ProjectFast\Debug\link.5544.write.1.tlog
C:\Home\WorkStation\GraphicsWorkspace\ProjectFast\Debug\link.5572.read.1.tlog
C:\Home\WorkStation\GraphicsWorkspace\ProjectFast\Debug\link.5572.write.1.tlog
C:\Home\WorkStation\GraphicsWorkspace\ProjectFast\Debug\link.5612.read.1.tlog
C:\Home\WorkStation\GraphicsWorkspace\ProjectFast\Debug\link.5612.write.1.tlog
C:\Home\WorkStation\GraphicsWorkspace\ProjectFast\Debug\link.5676.read.1.tlog
C:\Home\WorkStation\GraphicsWorkspace\ProjectFast\Debug\link.5676.write.1.tlog
C:\Home\WorkStation\GraphicsWorkspace\ProjectFast\Debug\link.5716.read.1.tlog
C:\Home\WorkStation\GraphicsWorkspace\ProjectFast\Debug\link.5716.write.1.tlog
C:\Home\WorkStation\GraphicsWorkspace\ProjectFast\Debug\link.5728.read.1.tlog
C:\Home\WorkStation\GraphicsWorkspace\ProjectFast\Debug\link.5728.write.1.tlog
C:\Home\WorkStation\GraphicsWorkspace\ProjectFast\Debug\link.5764.read.1.tlog
C:\Home\WorkStation\GraphicsWorkspace\ProjectFast\Debug\link.5764.write.1.tlog
C:\Home\WorkStation\GraphicsWorkspace\ProjectFast\Debug\link.5788.read.1.tlog
C:\Home\WorkStation\GraphicsWorkspace\ProjectFast\Debug\link.5788.write.1.tlog
C:\Home\WorkStation\GraphicsWorkspace\ProjectFast\Debug\link.5808.read.1.tlog
C:\Home\WorkStation\GraphicsWorkspace\ProjectFast\Debug\link.5808.write.1.tlog
C:\Home\WorkStation\GraphicsWorkspace\ProjectFast\Debug\link.5816.read.1.tlog
C:\Home\WorkStation\GraphicsWorkspace\ProjectFast\Debug\link.5816.write.1.tlog
C:\Home\WorkStation\GraphicsWorkspace\ProjectFast\Debug\link.5836.read.1.tlog
C:\Home\WorkStation\GraphicsWorkspace\ProjectFast\Debug\link.5836.write.1.tlog
C:\Home\WorkStation\GraphicsWorkspace\ProjectFast\Debug\link.5840.read.1.tlog
C:\Home\WorkStation\GraphicsWorkspace\ProjectFast\Debug\link.5840.write.1.tlog
C:\Home\WorkStation\GraphicsWorkspace\ProjectFast\Debug\link.5896.read.1.tlog
C:\Home\WorkStation\GraphicsWorkspace\ProjectFast\Debug\link.5896.write.1.tlog
C:\Home\WorkStation\GraphicsWorkspace\ProjectFast\Debug\link.5944.read.1.tlog
C:\Home\WorkStation\GraphicsWorkspace\ProjectFast\Debug\link.5944.write.1.tlog
C:\Home\WorkStation\GraphicsWorkspace\ProjectFast\Debug\link.6016.read.1.tlog
C:\Home\WorkStation\GraphicsWorkspace\ProjectFast\Debug\link.6016.write.1.tlog
C:\Home\WorkStation\GraphicsWorkspace\ProjectFast\Debug\link.640.read.1.tlog
C:\Home\WorkStation\GraphicsWorkspace\ProjectFast\Debug\link.640.write.1.tlog
C:\Home\WorkStation\GraphicsWorkspace\ProjectFast\Debug\link.command.1.tlog
C:\Home\WorkStation\GraphicsWorkspace\ProjectFast\Debug\link.read.1.tlog
C:\Home\WorkStation\GraphicsWorkspace\ProjectFast\Debug\link.write.1.tlog
C:\HOME\WORKSTATION\GRAPHICSWORKSPACE\PROJECTFAST\DEBUG\MAINMENU.OBJ
C:\HOME\WORKSTATION\GRAPHICSWORKSPACE\PROJECTFAST\DEBUG\MENUBOX.OBJ
C:\HOME\WORKSTATION\GRAPHICSWORKSPACE\PROJECTFAST\DEBUG\MOVE.OBJ
C:\Home\WorkStation\GraphicsWorkspace\ProjectFast\Debug\mt.command.1.tlog
C:\Home\WorkStation\GraphicsWorkspace\ProjectFast\Debug\mt.read.1.tlog
C:\Home\WorkStation\GraphicsWorkspace\ProjectFast\Debug\mt.write.1.tlog
C:\HOME\WORKSTATION\GRAPHICSWORKSPACE\PROJECTFAST\DEBUG\OSGTEXT.OBJ
C:\HOME\WORKSTATION\GRAPHICSWORKSPACE\PROJECTFAST\DEBUG\PLANET.OBJ
C:\HOME\WORKSTATION\GRAPHICSWORKSPACE\PROJECTFAST\DEBUG\PROJECT FAST.EXE
C:\HOME\WORKSTATION\GRAPHICSWORKSPACE\PROJECTFAST\DEBUG\PROJECT FAST.EXE.INTERMEDIATE.MANIFEST
C:\HOME\WORKSTATION\GRAPHICSWORKSPACE\PROJECTFAST\DEBUG\PROJECT FAST.ILK
C:\HOME\WORKSTATION\GRAPHICSWORKSPACE\PROJECTFAST\DEBUG\PROJECT FAST.PDB
C:\HOME\WORKSTATION\GRAPHICSWORKSPACE\PROJECTFAST\DEBUG\PROJECTFAST.OBJ
C:\HOME\WORKSTATION\GRAPHICSWORKSPACE\PROJECTFAST\DEBUG\RESOURCEMANAGER.OBJ
C:\HOME\WORKSTATION\GRAPHICSWORKSPACE\PROJECTFAST\DEBUG\SCENE.OBJ
C:\HOME\WORKSTATION\GRAPHICSWORKSPACE\PROJECTFAST\DEBUG\SHIP.OBJ
C:\HOME\WORKSTATION\GRAPHICSWORKSPACE\PROJECTFAST\DEBUG\SHOOT.OBJ
C:\HOME\WORKSTATION\GRAPHICSWORKSPACE\PROJECTFAST\DEBUG\STAR.OBJ
C:\HOME\WORKSTATION\GRAPHICSWORKSPACE\PROJECTFAST\DEBUG\STARFACTORY.OBJ
C:\HOME\WORKSTATION\GRAPHICSWORKSPACE\PROJECTFAST\DEBUG\TILT.OBJ
C:\HOME\WORKSTATION\GRAPHICSWORKSPACE\PROJECTFAST\DEBUG\VC100.PDB
C:\Home\WorkStation\GraphicsWorkspace\ProjectFast\Debug\VerticalShooter.exe.intermediate.manifest
C:\Home\WorkStation\GraphicsWorkspace\ProjectFast\Debug\VerticalShooter.ilk
C:\HOME\WORKSTATION\GRAPHICSWORKSPACE\PROJECTFAST\DEBUG\VERTICALSHOOTER.OBJ
C:\Home\WorkStation\GraphicsWorkspace\ProjectFast\Debug\VerticalShooter.pdb
C:\Home\WorkStation\GraphicsWorkspace\ProjectFast\Debug\VerticleShooter.exe.intermediate.manifest
C:\Home\WorkStation\GraphicsWorkspace\ProjectFast\Debug\VerticleShooter.ilk
C:\Home\WorkStation\GraphicsWorkspace\ProjectFast\Debug\VerticleShooter.obj
C:\Home\WorkStation\GraphicsWorkspace\ProjectFast\Debug\VerticleShooter.pdb
C:\HOME\WORKSTATION\GRAPHICSWORKSPACE\PROJECTFAST\DEBUG\VERTICLESHOOTEROLD.OBJ
C:\HOME\WORKSTATION\GRAPHICSWORKSPACE\VERTICLESHOOTER\DEBUG\BULLET.OBJ
C:\HOME\WORKSTATION\GRAPHICSWORKSPACE\VERTICLESHOOTER\DEBUG\ENTITY.OBJ
C:\HOME\WORKSTATION\GRAPHICSWORKSPACE\VERTICLESHOOTER\DEBUG\KEYBOARDEVENTHANDLER.OBJ
C:\HOME\WORKSTATION\GRAPHICSWORKSPACE\VERTICLESHOOTER\DEBUG\SCENE.OBJ
C:\HOME\WORKSTATION\GRAPHICSWORKSPACE\VERTICLESHOOTER\DEBUG\SHIP.OBJ
C:\HOME\WORKSTATION\GRAPHICSWORKSPACE\VERTICLESHOOTER\DEBUG\VC100.PDB
C:\HOME\WORKSTATION\GRAPHICSWORKSPACE\VERTICLESHOOTER\DEBUG\VERTICALSHOOTER.OBJ
C:\HOME\WORKSTATION\GRAPHICSWORKSPACE\VERTICLESHOOTER\DEBUG\VERTICLESHOOTER.OBJ
C:\HOME\WORKSTATION\GRAPHICSWORKSPACE\VERTICLESHOOTER\DEBUG\VERTICLESHOOTEROLD.OBJ
