  Shoot.cpp
Shoot.cpp(1): fatal error C1083: Cannot open include file: 'Shoot.h': No such file or directory
  Bound.cpp
src\Bound.cpp(1): warning C4067: unexpected tokens following preprocessor directive - expected a newline
src\Bound.cpp(1): fatal error C1083: Cannot open include file: 'Bound.h': No such file or directory
  Bullet.cpp
src\Bullet.cpp(1): fatal error C1083: Cannot open include file: 'Bullet.h': No such file or directory
  Component.cpp
src\Component.cpp(1): fatal error C1083: Cannot open include file: 'Component.h': No such file or directory
  Enemy.cpp
src\Enemy.cpp(1): fatal error C1083: Cannot open include file: 'Enemy.h': No such file or directory
  Entity.cpp
src\Entity.cpp(1): fatal error C1083: Cannot open include file: 'Entity.h': No such file or directory
  Gun.cpp
src\Gun.cpp(1): fatal error C1083: Cannot open include file: 'Gun.h': No such file or directory
  KeyboardEventHandler.cpp
c:\home\workstation\graphicsworkspace\projectfast\src\../include/KeyboardEventHandler.hpp(4): fatal error C1083: Cannot open include file: 'osgGA/GUIEventHandler': No such file or directory
  MainMenu.cpp
src\MainMenu.cpp(1): fatal error C1083: Cannot open include file: 'MainMenu.h': No such file or directory
  MenuBox.cpp
src\MenuBox.cpp(1): fatal error C1083: Cannot open include file: 'MenuBox.h': No such file or directory
  Move.cpp
src\Move.cpp(1): fatal error C1083: Cannot open include file: 'Move.h': No such file or directory
  ProjectFast.cpp
src\ProjectFast.cpp(2): fatal error C1083: Cannot open include file: 'osgViewer/Viewer': No such file or directory
  ResourceManager.cpp
src\ResourceManager.cpp(1): fatal error C1083: Cannot open include file: 'ResourceManager.h': No such file or directory
  Scene.cpp
src\Scene.cpp(1): fatal error C1083: Cannot open include file: 'Scene.h': No such file or directory
  Ship.cpp
src\Ship.cpp(1): fatal error C1083: Cannot open include file: 'Ship.h': No such file or directory
  Star.cpp
src\Star.cpp(1): fatal error C1083: Cannot open include file: 'Star.h': No such file or directory
  Tilt.cpp
src\Tilt.cpp(1): fatal error C1083: Cannot open include file: 'Tilt.h': No such file or directory
